TN:
SF:search-implementation-new.ts
FN:35,<instance_members_initializer>
FN:46,SearchService
FN:55,preProcessPeople
FN:74,preProcessOrganizations
FN:103,search
FN:128,executeSearch
FN:173,searchExecutive
FN:281,calculateFuzzyScore
FN:290,scoreMatch
FN:316,searchPerson
FN:434,searchOrganization
FN:498,assignGrade
FNF:12
FNH:12
FNDA:32,<instance_members_initializer>
FNDA:32,SearchService
FNDA:32,preProcessPeople
FNDA:32,preProcessOrganizations
FNDA:33,search
FNDA:30,executeSearch
FNDA:46,searchExecutive
FNDA:836,calculateFuzzyScore
FNDA:238,scoreMatch
FNDA:69,searchPerson
FNDA:14,searchOrganization
FNDA:92,assignGrade
DA:1,1
DA:34,1
DA:35,1
DA:36,32
DA:37,32
DA:38,32
DA:39,32
DA:46,1
DA:47,32
DA:48,32
DA:49,32
DA:50,32
DA:51,32
DA:52,32
DA:53,32
DA:55,1
DA:56,32
DA:57,96
DA:58,96
DA:59,96
DA:60,96
DA:61,96
DA:62,96
DA:63,96
DA:64,96
DA:65,96
DA:66,96
DA:67,96
DA:68,96
DA:69,96
DA:70,96
DA:71,32
DA:72,32
DA:74,1
DA:75,32
DA:76,64
DA:77,64
DA:78,64
DA:79,64
DA:80,32
DA:81,32
DA:103,1
DA:105,33
DA:106,0
DA:107,0
DA:108,33
DA:109,1
DA:110,1
DA:111,33
DA:112,1
DA:113,1
DA:114,33
DA:115,1
DA:116,1
DA:118,30
DA:121,30
DA:122,30
DA:123,30
DA:125,30
DA:126,33
DA:128,1
DA:129,30
DA:130,30
DA:132,30
DA:133,23
DA:134,69
DA:135,69
DA:136,69
DA:140,23
DA:141,46
DA:142,23
DA:143,46
DA:144,46
DA:146,38
DA:147,72
DA:148,38
DA:149,38
DA:150,20
DA:151,20
DA:152,38
DA:153,46
DA:154,23
DA:155,46
DA:156,23
DA:158,30
DA:159,7
DA:160,14
DA:161,14
DA:162,14
DA:163,7
DA:166,30
DA:167,30
DA:173,1
DA:174,46
DA:175,46
DA:176,46
DA:177,46
DA:178,46
DA:179,46
DA:180,46
DA:182,46
DA:183,46
DA:186,46
DA:187,96
DA:188,1
DA:189,1
DA:190,1
DA:191,1
DA:192,96
DA:195,46
DA:196,80
DA:197,80
DA:198,16
DA:199,16
DA:200,16
DA:201,16
DA:202,80
DA:205,46
DA:206,6
DA:207,6
DA:208,6
DA:209,6
DA:210,4
DA:211,4
DA:212,2
DA:213,2
DA:214,46
DA:216,40
DA:217,40
DA:218,40
DA:221,46
DA:222,6
DA:223,0
DA:224,0
DA:225,6
DA:226,6
DA:227,6
DA:228,6
DA:229,6
DA:230,0
DA:231,0
DA:232,6
DA:233,6
DA:234,6
DA:237,46
DA:238,14
DA:239,14
DA:240,14
DA:241,14
DA:242,14
DA:243,14
DA:244,2
DA:245,2
DA:246,12
DA:247,12
DA:248,12
DA:251,46
DA:252,2
DA:253,2
DA:254,2
DA:255,2
DA:256,0
DA:257,0
DA:258,0
DA:260,38
DA:262,38
DA:263,38
DA:264,38
DA:265,38
DA:266,38
DA:267,38
DA:268,38
DA:270,38
DA:271,38
DA:272,38
DA:273,38
DA:274,38
DA:275,38
DA:276,38
DA:278,0
DA:279,46
DA:281,1
DA:282,836
DA:284,800
DA:285,800
DA:286,836
DA:287,789
DA:288,836
DA:290,1
DA:291,238
DA:293,238
DA:294,238
DA:295,436
DA:296,56
DA:297,436
DA:298,380
DA:299,380
DA:302,380
DA:303,380
DA:304,250
DA:305,250
DA:306,380
DA:307,380
DA:310,436
DA:311,436
DA:313,238
DA:314,238
DA:316,1
DA:317,69
DA:318,69
DA:319,69
DA:320,69
DA:323,69
DA:324,69
DA:326,69
DA:327,69
DA:329,69
DA:330,69
DA:333,69
DA:334,21
DA:335,21
DA:336,21
DA:337,21
DA:338,21
DA:339,21
DA:341,7
DA:342,7
DA:343,14
DA:344,14
DA:345,14
DA:348,69
DA:349,3
DA:350,3
DA:351,3
DA:353,2
DA:354,2
DA:355,1
DA:356,1
DA:357,1
DA:360,60
DA:363,69
DA:364,9
DA:366,9
DA:367,6
DA:368,6
DA:369,3
DA:370,9
DA:371,0
DA:372,0
DA:373,3
DA:374,3
DA:375,3
DA:377,69
DA:378,0
DA:379,0
DA:380,0
DA:381,0
DA:384,69
DA:385,9
DA:386,9
DA:387,9
DA:388,3
DA:389,3
DA:390,9
DA:392,6
DA:393,6
DA:394,9
DA:397,69
DA:398,96
DA:399,209
DA:400,28
DA:401,28
DA:402,28
DA:403,28
DA:404,209
DA:405,96
DA:408,69
DA:409,6
DA:410,6
DA:411,6
DA:412,13
DA:413,6
DA:414,6
DA:415,6
DA:416,4
DA:417,4
DA:418,2
DA:419,2
DA:420,2
DA:423,69
DA:424,69
DA:425,69
DA:426,69
DA:428,69
DA:429,44
DA:430,44
DA:431,0
DA:432,69
DA:434,1
DA:435,14
DA:436,14
DA:437,14
DA:438,14
DA:440,14
DA:441,14
DA:443,14
DA:444,14
DA:447,14
DA:448,4
DA:449,4
DA:450,4
DA:451,2
DA:452,2
DA:453,2
DA:454,2
DA:455,2
DA:458,14
DA:459,15
DA:460,33
DA:461,33
DA:462,1
DA:463,1
DA:464,1
DA:465,1
DA:466,33
DA:467,15
DA:469,14
DA:470,0
DA:471,0
DA:472,0
DA:473,0
DA:476,14
DA:477,5
DA:479,2
DA:480,2
DA:481,3
DA:482,3
DA:483,3
DA:484,3
DA:487,14
DA:488,14
DA:489,14
DA:490,14
DA:492,14
DA:493,10
DA:494,10
DA:495,0
DA:496,14
DA:498,1
DA:499,92
DA:500,92
DA:501,92
DA:502,44
DA:503,92
DA:504,1
LF:355
LH:333
BRDA:35,0,0,32
BRDA:46,1,0,32
BRDA:47,2,0,0
BRDA:48,3,0,0
BRDA:50,4,0,64
BRDA:55,5,0,32
BRDA:56,6,0,96
BRDA:57,7,0,0
BRDA:62,8,0,0
BRDA:63,9,0,0
BRDA:64,10,0,0
BRDA:65,11,0,0
BRDA:66,12,0,0
BRDA:67,13,0,0
BRDA:69,14,0,0
BRDA:67,15,0,224
BRDA:68,16,0,256
BRDA:74,17,0,32
BRDA:75,18,0,64
BRDA:78,19,0,0
BRDA:79,20,0,0
BRDA:79,21,0,128
BRDA:103,22,0,33
BRDA:105,23,0,0
BRDA:108,24,0,32
BRDA:108,25,0,1
BRDA:110,26,0,32
BRDA:111,27,0,1
BRDA:113,28,0,31
BRDA:114,29,0,15
BRDA:114,30,0,4
BRDA:114,31,0,1
BRDA:116,32,0,30
BRDA:128,33,0,30
BRDA:130,34,0,6
BRDA:132,35,0,7
BRDA:132,36,0,23
BRDA:133,37,0,69
BRDA:135,38,0,44
BRDA:140,39,0,46
BRDA:141,40,0,23
BRDA:142,41,0,46
BRDA:144,42,0,38
BRDA:149,43,0,20
BRDA:158,44,0,23
BRDA:158,45,0,7
BRDA:159,46,0,14
BRDA:161,47,0,10
BRDA:146,48,0,72
BRDA:166,49,0,55
BRDA:173,50,0,46
BRDA:180,51,0,0
BRDA:186,52,0,96
BRDA:187,53,0,1
BRDA:195,54,0,80
BRDA:197,55,0,16
BRDA:205,56,0,6
BRDA:209,57,0,4
BRDA:211,58,0,2
BRDA:214,59,0,40
BRDA:218,60,0,42
BRDA:221,61,0,6
BRDA:222,62,0,0
BRDA:229,63,0,0
BRDA:234,64,0,42
BRDA:237,65,0,14
BRDA:239,66,0,12
BRDA:239,67,0,2
BRDA:240,68,0,0
BRDA:241,69,0,0
BRDA:243,70,0,2
BRDA:245,71,0,12
BRDA:248,72,0,40
BRDA:251,73,0,2
BRDA:255,74,0,0
BRDA:258,75,0,38
BRDA:276,76,0,0
BRDA:281,77,0,836
BRDA:282,78,0,36
BRDA:282,79,0,800
BRDA:286,80,0,11
BRDA:286,81,0,789
BRDA:290,82,0,238
BRDA:291,83,0,0
BRDA:294,84,0,436
BRDA:295,85,0,56
BRDA:297,86,0,380
BRDA:303,87,0,250
BRDA:310,88,0,56
BRDA:316,89,0,69
BRDA:320,90,0,0
BRDA:324,91,0,3
BRDA:327,92,0,26
BRDA:330,93,0,22
BRDA:333,94,0,21
BRDA:339,95,0,7
BRDA:342,96,0,14
BRDA:345,97,0,62
BRDA:348,98,0,3
BRDA:351,99,0,2
BRDA:354,100,0,1
BRDA:357,101,0,60
BRDA:363,102,0,9
BRDA:366,103,0,3
BRDA:366,104,0,6
BRDA:368,105,0,3
BRDA:370,106,0,0
BRDA:372,107,0,3
BRDA:375,108,0,54
BRDA:377,109,0,0
BRDA:377,110,0,0
BRDA:381,111,0,54
BRDA:384,112,0,9
BRDA:387,113,0,3
BRDA:390,114,0,6
BRDA:394,115,0,48
BRDA:397,116,0,96
BRDA:398,117,0,209
BRDA:399,118,0,192
BRDA:399,119,0,28
BRDA:405,120,0,48
BRDA:408,121,0,6
BRDA:408,122,0,6
BRDA:415,123,0,4
BRDA:417,124,0,2
BRDA:420,125,0,44
BRDA:423,126,0,0
BRDA:424,127,0,0
BRDA:428,128,0,44
BRDA:430,129,0,0
BRDA:409,130,0,6
BRDA:410,131,0,6
BRDA:411,132,0,13
BRDA:412,133,0,11
BRDA:434,134,0,14
BRDA:438,135,0,0
BRDA:441,136,0,4
BRDA:444,137,0,0
BRDA:447,138,0,4
BRDA:450,139,0,2
BRDA:455,140,0,12
BRDA:458,141,0,15
BRDA:459,142,0,33
BRDA:461,143,0,1
BRDA:467,144,0,12
BRDA:469,145,0,0
BRDA:469,146,0,0
BRDA:473,147,0,12
BRDA:476,148,0,5
BRDA:477,149,0,2
BRDA:480,150,0,3
BRDA:484,151,0,10
BRDA:487,152,0,0
BRDA:488,153,0,0
BRDA:492,154,0,10
BRDA:494,155,0,0
BRDA:498,156,0,92
BRDA:499,157,0,25
BRDA:499,158,0,67
BRDA:500,159,0,11
BRDA:500,160,0,56
BRDA:501,161,0,12
BRDA:501,162,0,44
BRF:163
BRH:128
end_of_record
TN:
SF:types/index.ts
FN:1,(empty-report)
FNF:1
FNH:1
FNDA:1,(empty-report)
LF:0
LH:0
BRDA:1,0,0,1
BRF:1
BRH:1
end_of_record
TN:
SF:utils/normalization.ts
FN:1,normalizeText
FN:9,normalizeLocation
FN:24,normalizeTitle
FN:59,normalizeFundingStage
FN:80,levenshteinDistance
FNF:5
FNH:5
FNDA:30,normalizeText
FNDA:7,normalizeLocation
FNDA:1,normalizeTitle
FNDA:3,normalizeFundingStage
FNDA:800,levenshteinDistance
DA:1,1
DA:2,30
DA:3,30
DA:4,30
DA:5,30
DA:6,30
DA:7,30
DA:9,1
DA:10,7
DA:12,7
DA:13,7
DA:14,7
DA:15,7
DA:16,7
DA:17,7
DA:18,7
DA:20,7
DA:21,7
DA:22,7
DA:24,1
DA:25,1
DA:26,1
DA:27,1
DA:28,1
DA:29,1
DA:30,1
DA:31,1
DA:32,1
DA:33,1
DA:34,1
DA:35,1
DA:36,1
DA:37,1
DA:38,1
DA:39,1
DA:40,1
DA:41,1
DA:42,1
DA:43,1
DA:44,1
DA:45,1
DA:48,1
DA:49,1
DA:52,18
DA:53,18
DA:54,18
DA:56,1
DA:57,1
DA:59,1
DA:60,3
DA:61,3
DA:62,3
DA:63,3
DA:65,3
DA:66,3
DA:67,3
DA:68,3
DA:69,3
DA:70,3
DA:71,3
DA:72,3
DA:73,3
DA:74,3
DA:75,3
DA:77,3
DA:78,3
DA:80,1
DA:82,800
DA:85,800
DA:86,800
DA:89,800
DA:90,800
DA:92,800
DA:93,800
DA:94,1960
DA:95,1960
DA:97,800
DA:98,922
DA:99,922
DA:101,922
DA:102,9575
DA:103,9575
DA:104,9575
DA:105,9575
DA:107,9575
DA:108,9575
DA:109,9575
DA:112,922
DA:114,733
DA:115,733
DA:117,11
DA:118,11
LF:92
LH:92
BRDA:1,0,0,30
BRDA:9,1,0,7
BRDA:21,2,0,5
BRDA:24,3,0,1
BRDA:49,4,0,18
BRDA:59,5,0,3
BRDA:77,6,0,0
BRDA:80,7,0,800
BRDA:82,8,0,0
BRDA:86,9,0,600
BRDA:86,10,0,200
BRDA:89,11,0,73
BRDA:89,12,0,127
BRDA:90,13,0,73
BRDA:90,14,0,127
BRDA:93,15,0,1960
BRDA:95,16,0,200
BRDA:97,17,0,922
BRDA:101,18,0,9575
BRDA:102,19,0,646
BRDA:102,20,0,8929
BRDA:112,21,0,189
BRDA:112,22,0,733
BRDA:115,23,0,11
BRF:24
BRH:22
end_of_record
TN:
SF:utils/query-parser.ts
FN:24,parseAndNormalizeQuery
FN:111,expandSearchText
FNF:2
FNH:2
FNDA:30,parseAndNormalizeQuery
FNDA:30,expandSearchText
DA:1,1
DA:24,1
DA:25,30
DA:28,30
DA:31,30
DA:32,21
DA:33,21
DA:34,15
DA:35,21
DA:36,0
DA:37,0
DA:38,21
DA:41,30
DA:45,30
DA:46,25
DA:47,25
DA:48,2
DA:50,2
DA:51,2
DA:52,2
DA:53,2
DA:54,2
DA:55,25
DA:59,30
DA:60,28
DA:61,28
DA:62,1
DA:64,1
DA:65,1
DA:66,1
DA:67,1
DA:68,0
DA:69,0
DA:70,1
DA:71,28
DA:74,30
DA:77,30
DA:78,30
DA:79,3
DA:81,3
DA:82,3
DA:83,3
DA:84,3
DA:85,3
DA:86,3
DA:87,30
DA:90,30
DA:91,30
DA:92,7
DA:93,7
DA:94,30
DA:95,1
DA:96,1
DA:97,30
DA:98,3
DA:99,3
DA:102,30
DA:104,30
DA:105,30
DA:106,30
DA:107,30
DA:108,30
DA:109,30
DA:111,1
DA:112,30
DA:113,30
DA:114,30
DA:118,30
DA:119,30
DA:120,30
DA:121,30
DA:122,30
DA:123,30
DA:124,30
DA:125,30
DA:126,30
DA:129,30
DA:130,7
DA:131,7
DA:134,30
DA:135,30
DA:136,37
DA:137,10
DA:139,28
DA:140,10
DA:141,10
DA:142,30
DA:144,30
DA:145,30
LF:89
LH:85
BRDA:24,0,0,30
BRDA:31,1,0,9
BRDA:31,2,0,21
BRDA:33,3,0,15
BRDA:35,4,0,6
BRDA:35,5,0,0
BRDA:41,6,0,16
BRDA:45,7,0,25
BRDA:47,8,0,2
BRDA:59,9,0,28
BRDA:61,10,0,1
BRDA:67,11,0,0
BRDA:78,12,0,3
BRDA:91,13,0,7
BRDA:94,14,0,1
BRDA:97,15,0,3
BRDA:111,16,0,30
BRDA:129,17,0,7
BRDA:130,18,0,19
BRDA:135,19,0,37
BRDA:136,20,0,10
BRDA:137,21,0,28
BRF:22
BRH:20
end_of_record
